[2025-10-23T07:03:55.741Z] [INFO] 开始数据迁移
{
  "config": {
    "batchSize": 50,
    "maxRetries": 3,
    "retryDelay": 1000,
    "enableDataValidation": true,
    "enableDetailedLogging": true,
    "continueOnError": true
  }
}
[2025-10-23T07:03:55.741Z] [INFO] 获取需要迁移的单词列表
[2025-10-23T07:03:56.039Z] [INFO] 检查了 89 个单词，其中 0 个需要迁移
[2025-10-23T07:03:56.039Z] [INFO] 验证后确定需要迁移的单词数量: 0
[2025-10-23T07:03:56.040Z] [INFO] 找到 0 个需要迁移的单词
[2025-10-23T07:03:56.040Z] [INFO] === 迁移报告 ===
[2025-10-23T07:03:56.040Z] [INFO] 总单词数: 0
[2025-10-23T07:03:56.040Z] [INFO] 成功迁移: 0
[2025-10-23T07:03:56.040Z] [INFO] 跳过单词: 0
[2025-10-23T07:03:56.040Z] [INFO] 处理单词: 0
[2025-10-23T07:03:56.040Z] [INFO] 重试次数: 0
[2025-10-23T07:03:56.040Z] [INFO] 错误数量: 0
[2025-10-23T07:03:56.040Z] [INFO] 数据完整性问题: 0
[2025-10-23T07:03:56.040Z] [INFO] 总耗时: 0秒
[2025-10-23T07:03:56.040Z] [INFO] === 迁移详情 ===
[2025-10-23T07:03:56.040Z] [INFO] 发音数据迁移: 0
[2025-10-23T07:03:56.040Z] [INFO] 释义数据迁移: 0
[2025-10-23T07:03:56.040Z] [INFO] 例句数据迁移: 0
[2025-10-23T07:03:56.040Z] [INFO] 词形数据迁移: 0[2025-10-23T07:03:55.716Z] [INFO] 数据库监控已启动
{
  "interval": 30000
}
[2025-10-23T07:03:55.717Z] [INFO] 性能监控已启动
[2025-10-23T07:03:55.718Z] [INFO] 迁移监控已启动
{
  "totalSteps": 8,
  "totalWords": 0
}
[2025-10-23T07:03:55.741Z] [INFO] 进入步骤: 获取单词列表
{
  "step": "获取单词列表",
  "completedSteps": 1,
  "totalSteps": 8
}
[2025-10-23T07:03:55.741Z] [DEBUG] 进度更新
{
  "processedWords": 0,
  "totalWords": 0,
  "progress": 0,
  "processingRate": 0
}
[2025-10-23T07:03:55.741Z] [DEBUG] 进度更新
{
  "processedWords": 0,
  "totalWords": 89,
  "progress": 0,
  "processingRate": 0
}
[2025-10-23T07:03:56.043Z] [INFO] 性能报告
{
  "totalTime": 325,
  "operations": {
    "migration": {
      "avg": 301,
      "min": 301,
      "max": 301,
      "count": 1
    }
  }
}
[2025-10-23T07:03:56.043Z] [INFO] 迁移已完成
{
  "duration": 325,
  "totalWords": 89,
  "errors": 0,
  "warnings": 0,
  "averageProcessingRate": 16430.76923076923
}
